         AFTERNOON AT THE RACE TRACK - Description of the internal state of the problem

MAN/BRK          SPECTATOR/BETTER             HORSE/JOCKEY PAIR at Race RN
  Stat  St0 Am0  St1 Am1  St2 Am2  St3 Am3   RN St0 Len0 St1 Len1 St2 Len2 St3 Len3
                                    Race RN Status
 RN Dist BS0  BA0 BS1  BA1 BS2  BA2 BS3  BA3  Od0 N0 Ps0 SD0 Od1 N1 Ps1 Sd1 Od2 N2 Ps2 Sd2 Od3 N3 Ps3 St3
  ----  --- ---- --- ---- --- ---- --- ---- 0 --- --  --- --  --- --  --- --  
  0  50   -  ----  -  ----  -  ----  -  ----  ---- --  --  - ---- --  --  - ---- --  --  - ---- --  --  - 
  NEXT  --- ---- --- ---- --- ---- --- ---- 1 --- --  --- --  --- --  --- --  
  1  50   -  ----  -  ----  -  ----  -  ----  ---- --  --  - ---- --  --  - ---- --  --  - ---- --  --  - 
  NEXT  WAI ---- --- ---- --- ---- --- ---- 1 --- --  --- --  --- --  --- --  
  1  50   -  ----  -  ----  -  ----  -  ----  ---- --  --  - ---- --  --  - ---- --  --  - ---- --  --  - 
  NEXT  WAI ---- WAI ---- --- ---- --- ---- 1 STA --  --- --  --- --  --- --  
  1  50   -  ----  -  ----  -  ----  -  ----  ---- --  --  - ---- --  --  - ---- --  --  - ---- --  --  - 
  NEXT  WAI ---- WAI ---- --- ---- --- ---- 1 STA --  STA --  --- --  --- --  
  1  50   -  ----  -  ----  -  ----  -  ----  ---- --  --  - ---- --  --  - ---- --  --  - ---- --  --  - 
  NEXT  WAI ---- WAI ---- WAI ---- --- ---- 1 STA --  STA --  --- --  --- --  
  1  50   -  ----  -  ----  -  ----  -  ----  ---- --  --  - ---- --  --  - ---- --  --  - ---- --  --  - 
  NEXT  WAI ---- WAI ---- WAI ---- --- ---- 1 STA --  STA --  STA --  --- --  
  1  50   -  ----  -  ----  -  ----  -  ----  ---- --  --  - ---- --  --  - ---- --  --  - ---- --  --  - 
  NEXT  WAI ---- WAI ---- WAI ---- WAI ---- 1 STA --  STA --  STA --  --- --  
  1  50   -  ----  -  ----  -  ----  -  ----  ---- --  --  - ---- --  --  - ---- --  --  - ---- --  --  - 
  NEXT  WAI ---- WAI ---- WAI ---- WAI ---- 1 STA --  STA --  STA --  STA --  
  1  50   -  ----  -  ----  -  ----  -  ----  ---- --  --  - ---- --  --  - ---- --  --  - ---- --  --  - 
  NEXT  WAI ---- WAI ---- WAI ---- WAI ---- 1 STA --  STA --  STA --  STA --  
  1  50   -  ----  -  ----  -  ----  -  ----  ---- --  --  - ---- --  --  - ---- --  --  - ---- --  --  - 
  NEXT  WAI ---- WAI ---- WAI ---- WAI ---- 1 PAD 10   STA 6   STA 4   STA 14  
  1  50   -  ----  -  ----  -  ----  -  ----  0.29 --  --  - 0.17 --  --  - 0.11 --  --  - 0.41 --  --  - 
  NEXT  WAI ---- WAI ---- WAI ---- WAI ---- 1 PAD 10   STA 6   STA 4   PAD 14  
  1  50   -  ----  -  ----  -  ----  -  ----  0.29 --  --  - 0.17 --  --  - 0.11 --  --  - 0.41 --  --  - 
  NEXT  WAI ---- WAI ---- WAI ---- WAI ---- 1 PAD 10   STA 6   PAD 4   PAD 14  
  1  50   -  ----  -  ----  -  ----  -  ----  0.29 --  --  - 0.17 --  --  - 0.11 --  --  - 0.41 --  --  - 
  NEXT  WAI ---- WAI ---- WAI ---- WAI ---- 1 PAD 10   PAD 6   PAD 4   PAD 14  
  1  50   -  ----  -  ----  -  ----  -  ----  0.29 --  --  - 0.17 --  --  - 0.11 --  --  - 0.41 --  --  - 
  NEXT  APP ---- WAI ---- WAI ---- WAI ---- 1 PAD 10   PAD 6   PAD 4   PAD 14  
  1  50   -  ----  -  ----  -  ----  -  ----  0.29 --  --  - 0.17 --  --  - 0.11 --  --  - 0.41 --  --  - 
  NEXT  APP ---- APP ---- WAI ---- WAI ---- 1 PAD 10   PAD 6   PAD 4   PAD 14  
  1  50   -  ----  -  ----  -  ----  -  ----  0.29 --  --  - 0.17 --  --  - 0.11 --  --  - 0.41 --  --  - 
  NEXT  APP ---- APP ---- APP ---- WAI ---- 1 PAD 10   PAD 6   PAD 4   PAD 14  
  1  50   -  ----  -  ----  -  ----  -  ----  0.29 --  --  - 0.17 --  --  - 0.11 --  --  - 0.41 --  --  - 
  NEXT  APP ---- APP ---- APP ---- APP ---- 1 PAD 10   PAD 6   PAD 4   PAD 14  
  1  50   -  ----  -  ----  -  ----  -  ----  0.29 --  --  - 0.17 --  --  - 0.11 --  --  - 0.41 --  --  - 
  NEXT  APP ---- APP ---- APP ---- APP ---- 1 STL 10   PAD 6   PAD 4   PAD 14  
  1  50   -  ----  -  ----  -  ----  -  ----  0.29 --  0   - 0.17 --  0   - 0.11 --  0   - 0.41 --  0   - 
  WAIT  APP ---- APP ---- APP ---- APP ---- 1 STL 10   PAD 6   PAD 4   STL 14  
  1  50   -  ----  -  ----  -  ----  -  ----  0.29 --  0   - 0.17 --  0   - 0.11 --  0   - 0.41 --  0   - 
  WAIT  APP ---- APP ---- APP ---- APP ---- 1 STL 10   PAD 6   PAD 4   STL 14  
  1  50   -  ----  -  ----  -  ----  -  ----  0.29 --  0   - 0.17 --  0   - 0.11 --  0   - 0.41 --  0   - 
  WAIT  BET ---- APP ---- APP ---- APP ---- 1 STL 10   PAD 6   STL 4   STL 14  
  1  50   -  ----  -  ----  -  ----  -  ----  0.29 --  0   - 0.17 --  0   - 0.11 --  0   - 0.41 --  0   - 
  WAIT  BET ---- APP ---- APP ---- APP ---- 1 STL 10   STL 6   STL 4   STL 14  
  1  50   -  ----  -  ----  -  ----  -  ----  0.29 --  0   - 0.17 --  0   - 0.11 --  0   - 0.41 --  0   - 
  WAIT  BET ---- BET ---- APP ---- APP ---- 1 STL 10   STL 6   STL 4   STL 14  
  1  50   -  ----  -  ----  -  ----  -  ----  0.29 --  0   - 0.17 --  0   - 0.11 --  0   - 0.41 --  0   - 
  WAIT  BET ---- BET ---- APP ---- APP ---- 1 STL 10   STL 6   STL 4   STL 14  
  1  50   -  ----  -  ----  -  ----  -  ----  0.29 --  0   - 0.17 --  0   - 0.11 --  0   - 0.41 --  0   - 
  WAIT  BET ---- BET ---- BET ---- APP ---- 1 STL 10   STL 6   STL 4   STL 14  
  1  50   -  ----  -  ----  -  ----  -  ----  0.29 --  0   - 0.17 --  0   - 0.11 --  0   - 0.41 --  0   - 
  WAIT  BET ---- BET ---- BET ---- BET ---- 1 STL 10   STL 6   STL 4   STL 14  
  1  50   -  ----  -  ----  -  ----  -  ----  0.29 --  0   - 0.17 --  0   - 0.11 --  0   - 0.41 --  0   - 
  WAIT  BET 41   BET ---- BET ---- BET ---- 1 STL 10   STL 6   STL 4   STL 14  
  1  50   3  459   -  ----  -  ----  -  ----  0.29 --  0   - 0.17 --  0   - 0.11 --  0   - 0.41 --  0   - 
  WAIT  WAR 41   BET 293  BET ---- BET ---- 1 STL 10   STL 6   STL 4   STL 14  
  1  50   3  459   3  207   -  ----  -  ----  0.29 --  0   - 0.17 --  0   - 0.11 --  0   - 0.41 --  0   - 
  WAIT  WAR 41   BET 293  BET 336  BET ---- 1 STL 10   STL 6   STL 4   STL 14  
  1  50   3  459   3  207   2  164   -  ----  0.29 --  0   - 0.17 --  0   - 0.11 --  0   - 0.41 --  0   - 
  WAIT  WAR 41   WAR 293  BET 336  BET ---- 1 STL 10   STL 6   STL 4   STL 14  
  1  50   3  459   3  207   2  164   -  ----  0.29 --  0   - 0.17 --  0   - 0.11 --  0   - 0.41 --  0   - 
  WAIT  WAR 41   WAR 293  BET 336  BET 158  1 STL 10   STL 6   STL 4   STL 14  
  1  50   3  459   3  207   2  164   3  342   0.29 --  0   - 0.17 --  0   - 0.11 --  0   - 0.41 --  0   - 
  WAIT  WAR 41   WAR 293  WAR 336  BET 158  1 STL 10   STL 6   STL 4   STL 14  
  1  50   3  459   3  207   2  164   3  342   0.29 --  0   - 0.17 --  0   - 0.11 --  0   - 0.41 --  0   - 
  SUPE  WAR 41   WAR 293  WAR 336  BET 158  1 STL 10   STL 6   STL 4   STL 14  
  1  50   3  459   3  207   2  164   3  342   0.29 --  0   - 0.17 --  0   - 0.11 --  0   - 0.41 --  0   - 
  SUPE  WAR 41   WAR 293  WAR 336  WAR 158  1 STL 10   STL 6   STL 4   STL 14  
  1  50   3  459   3  207   2  164   3  342   0.29 --  0   - 0.17 --  0   - 0.11 --  0   - 0.41 --  0   - 
  SUPE  WAR 41   WAR 293  WAR 336  WAR 158  1 RUN 10   STL 6   STL 4   STL 14  
  1  50   3  459   3  207   2  164   3  342   0.29 --  0   - 0.17 --  0   - 0.11 --  0   - 0.41 --  0   - 
  SUPE  WAR 41   WAR 293  WAR 336  WAR 158  1 RUN 10   STL 6   STL 4   STL 14  
  1  50   3  459   3  207   2  164   3  342   0.29 --  0   - 0.17 --  0   - 0.11 --  0   - 0.41 --  0   - 
  SUPE  WAR 41   WAR 293  WAR 336  WAR 158  1 RUN 10   STL 6   STL 4   STL 14  
  1  50   3  459   3  207   2  164   3  342   0.29 1   1   - 0.17 0   0   - 0.11 0   0   - 0.41 0   0   - 
  SUPE  WAR 41   WAR 293  WAR 336  WAR 158  1 RUN 10   STL 6   RUN 4   STL 14  
  1  50   3  459   3  207   2  164   3  342   0.29 1   1   - 0.17 0   0   - 0.11 0   0   - 0.41 0   0   - 
  SUPE  WAR 41   WAR 293  WAR 336  WAR 158  1 RUN 10   STL 6   RUN 4   STL 14  
  1  50   3  459   3  207   2  164   3  342   0.29 1   1   - 0.17 0   0   - 0.11 1   3   - 0.41 0   0   - 
  SUPE  WAR 41   WAR 293  WAR 336  WAR 158  1 RUN 10   RUN 6   RUN 4   STL 14  
  1  50   3  459   3  207   2  164   3  342   0.29 1   1   - 0.17 0   0   - 0.11 1   3   - 0.41 0   0   - 
  SUPE  WAR 41   WAR 293  WAR 336  WAR 158  1 RUN 10   RUN 6   RUN 4   STL 14  
  1  50   3  459   3  207   2  164   3  342   0.29 1   1   - 0.17 1   3   - 0.11 1   3   - 0.41 0   0   - 
  SUPE  WAR 41   WAR 293  WAR 336  WAR 158  1 RUN 10   RUN 6   RUN 4   RUN 14  
  1  50   3  459   3  207   2  164   3  342   0.29 1   1   - 0.17 1   3   - 0.11 1   3   - 0.41 0   0   - 
  SUPE  WAR 41   WAR 293  WAR 336  WAR 158  1 RUN 10   RUN 6   RUN 4   RUN 14  
  1  50   3  459   3  207   2  164   3  342   0.29 1   1   - 0.17 1   3   - 0.11 1   3   - 0.41 1   7   - 
  SUPE  WAR 41   WAR 293  WAR 336  WAR 158  1 RUN 10   RUN 6   RUN 4   RUN 14  
  1  50   3  459   3  207   2  164   3  342   0.29 1   1   - 0.17 1   3   - 0.11 1   3   - 0.41 1   7   - 
  SUPE  WAR 41   WAR 293  WAR 336  WAR 158  1 RUN 10   RUN 6   RUN 4   RUN 14  
  1  50   3  459   3  207   2  164   3  342   0.29 2   6   - 0.17 1   3   - 0.11 1   3   - 0.41 1   7   - 
  SUPE  WAR 41   WAR 293  WAR 336  WAR 158  1 RUN 10   RUN 6   RUN 4   RUN 14  
  1  50   3  459   3  207   2  164   3  342   0.29 2   6   - 0.17 1   3   - 0.11 1   3   - 0.41 1   7   - 
  SUPE  WAR 41   WAR 293  WAR 336  WAR 158  1 RUN 10   RUN 6   RUN 4   RUN 14  
  1  50   3  459   3  207   2  164   3  342   0.29 2   6   - 0.17 1   3   - 0.11 2   5   - 0.41 1   7   - 
  SUPE  WAR 41   WAR 293  WAR 336  WAR 158  1 RUN 10   RUN 6   RUN 4   RUN 14  
  1  50   3  459   3  207   2  164   3  342   0.29 2   6   - 0.17 1   3   - 0.11 2   5   - 0.41 1   7   - 
  SUPE  WAR 41   WAR 293  WAR 336  WAR 158  1 RUN 10   RUN 6   RUN 4   RUN 14  
  1  50   3  459   3  207   2  164   3  342   0.29 2   6   - 0.17 2   4   - 0.11 2   5   - 0.41 1   7   - 
  SUPE  WAR 41   WAR 293  WAR 336  WAR 158  1 RUN 10   RUN 6   RUN 4   RUN 14  
  1  50   3  459   3  207   2  164   3  342   0.29 2   6   - 0.17 2   4   - 0.11 2   5   - 0.41 1   7   - 
  SUPE  WAR 41   WAR 293  WAR 336  WAR 158  1 RUN 10   RUN 6   RUN 4   RUN 14  
  1  50   3  459   3  207   2  164   3  342   0.29 2   6   - 0.17 2   4   - 0.11 2   5   - 0.41 2   12  - 
  SUPE  WAR 41   WAR 293  WAR 336  WAR 158  1 RUN 10   RUN 6   RUN 4   RUN 14  
  1  50   3  459   3  207   2  164   3  342   0.29 2   6   - 0.17 2   4   - 0.11 2   5   - 0.41 2   12  - 
  SUPE  WAR 41   WAR 293  WAR 336  WAR 158  1 RUN 10   RUN 6   RUN 4   RUN 14  
  1  50   3  459   3  207   2  164   3  342   0.29 3   10  - 0.17 2   4   - 0.11 2   5   - 0.41 2   12  - 
  SUPE  WAR 41   WAR 293  WAR 336  WAR 158  1 RUN 10   RUN 6   RUN 4   RUN 14  
  1  50   3  459   3  207   2  164   3  342   0.29 3   10  - 0.17 2   4   - 0.11 2   5   - 0.41 2   12  - 
  SUPE  WAR 41   WAR 293  WAR 336  WAR 158  1 RUN 10   RUN 6   RUN 4   RUN 14  
  1  50   3  459   3  207   2  164   3  342   0.29 3   10  - 0.17 2   4   - 0.11 3   6   - 0.41 2   12  - 
  SUPE  WAR 41   WAR 293  WAR 336  WAR 158  1 RUN 10   RUN 6   RUN 4   RUN 14  
  1  50   3  459   3  207   2  164   3  342   0.29 3   10  - 0.17 2   4   - 0.11 3   6   - 0.41 2   12  - 
  SUPE  WAR 41   WAR 293  WAR 336  WAR 158  1 RUN 10   RUN 6   RUN 4   RUN 14  
  1  50   3  459   3  207   2  164   3  342   0.29 3   10  - 0.17 3   8   - 0.11 3   6   - 0.41 2   12  - 
  SUPE  WAR 41   WAR 293  WAR 336  WAR 158  1 RUN 10   RUN 6   RUN 4   RUN 14  
  1  50   3  459   3  207   2  164   3  342   0.29 3   10  - 0.17 3   8   - 0.11 3   6   - 0.41 2   12  - 
  SUPE  WAR 41   WAR 293  WAR 336  WAR 158  1 RUN 10   RUN 6   RUN 4   RUN 14  
  1  50   3  459   3  207   2  164   3  342   0.29 3   10  - 0.17 3   8   - 0.11 3   6   - 0.41 3   21  - 
  SUPE  WAR 41   WAR 293  WAR 336  WAR 158  1 RUN 10   RUN 6   RUN 4   RUN 14  
  1  50   3  459   3  207   2  164   3  342   0.29 3   10  - 0.17 3   8   - 0.11 3   6   - 0.41 3   21  - 
  SUPE  WAR 41   WAR 293  WAR 336  WAR 158  1 RUN 10   RUN 6   RUN 4   RUN 14  
  1  50   3  459   3  207   2  164   3  342   0.29 4   13  - 0.17 3   8   - 0.11 3   6   - 0.41 3   21  - 
  SUPE  WAR 41   WAR 293  WAR 336  WAR 158  1 RUN 10   RUN 6   RUN 4   RUN 14  
  1  50   3  459   3  207   2  164   3  342   0.29 4   13  - 0.17 3   8   - 0.11 3   6   - 0.41 3   21  - 
  SUPE  WAR 41   WAR 293  WAR 336  WAR 158  1 RUN 10   RUN 6   RUN 4   RUN 14  
  1  50   3  459   3  207   2  164   3  342   0.29 4   13  - 0.17 3   8   - 0.11 4   9   - 0.41 3   21  - 
  SUPE  WAR 41   WAR 293  WAR 336  WAR 158  1 RUN 10   RUN 6   RUN 4   RUN 14  
  1  50   3  459   3  207   2  164   3  342   0.29 4   13  - 0.17 3   8   - 0.11 4   9   - 0.41 3   21  - 
  SUPE  WAR 41   WAR 293  WAR 336  WAR 158  1 RUN 10   RUN 6   RUN 4   RUN 14  
  1  50   3  459   3  207   2  164   3  342   0.29 4   13  - 0.17 4   10  - 0.11 4   9   - 0.41 3   21  - 
  SUPE  WAR 41   WAR 293  WAR 336  WAR 158  1 RUN 10   RUN 6   RUN 4   RUN 14  
  1  50   3  459   3  207   2  164   3  342   0.29 4   13  - 0.17 4   10  - 0.11 4   9   - 0.41 3   21  - 
  SUPE  WAR 41   WAR 293  WAR 336  WAR 158  1 RUN 10   RUN 6   RUN 4   RUN 14  
  1  50   3  459   3  207   2  164   3  342   0.29 4   13  - 0.17 4   10  - 0.11 4   9   - 0.41 4   29  - 
  SUPE  WAR 41   WAR 293  WAR 336  WAR 158  1 RUN 10   RUN 6   RUN 4   RUN 14  
  1  50   3  459   3  207   2  164   3  342   0.29 4   13  - 0.17 4   10  - 0.11 4   9   - 0.41 4   29  - 
  SUPE  WAR 41   WAR 293  WAR 336  WAR 158  1 RUN 10   RUN 6   RUN 4   RUN 14  
  1  50   3  459   3  207   2  164   3  342   0.29 5   23  - 0.17 4   10  - 0.11 4   9   - 0.41 4   29  - 
  SUPE  WAR 41   WAR 293  WAR 336  WAR 158  1 RUN 10   RUN 6   RUN 4   RUN 14  
  1  50   3  459   3  207   2  164   3  342   0.29 5   23  - 0.17 4   10  - 0.11 4   9   - 0.41 4   29  - 
  SUPE  WAR 41   WAR 293  WAR 336  WAR 158  1 RUN 10   RUN 6   RUN 4   RUN 14  
  1  50   3  459   3  207   2  164   3  342   0.29 5   23  - 0.17 4   10  - 0.11 5   11  - 0.41 4   29  - 
  SUPE  WAR 41   WAR 293  WAR 336  WAR 158  1 RUN 10   RUN 6   RUN 4   RUN 14  
  1  50   3  459   3  207   2  164   3  342   0.29 5   23  - 0.17 4   10  - 0.11 5   11  - 0.41 4   29  - 
  SUPE  WAR 41   WAR 293  WAR 336  WAR 158  1 RUN 10   RUN 6   RUN 4   RUN 14  
  1  50   3  459   3  207   2  164   3  342   0.29 5   23  - 0.17 5   11  - 0.11 5   11  - 0.41 4   29  - 
  SUPE  WAR 41   WAR 293  WAR 336  WAR 158  1 RUN 10   RUN 6   RUN 4   RUN 14  
  1  50   3  459   3  207   2  164   3  342   0.29 5   23  - 0.17 5   11  - 0.11 5   11  - 0.41 4   29  - 
  SUPE  WAR 41   WAR 293  WAR 336  WAR 158  1 RUN 10   RUN 6   RUN 4   RUN 14  
  1  50   3  459   3  207   2  164   3  342   0.29 5   23  - 0.17 5   11  - 0.11 5   11  - 0.41 5   31  - 
  SUPE  WAR 41   WAR 293  WAR 336  WAR 158  1 RUN 10   RUN 6   RUN 4   RUN 14  
  1  50   3  459   3  207   2  164   3  342   0.29 5   23  - 0.17 5   11  - 0.11 5   11  - 0.41 5   31  - 
  SUPE  WAR 41   WAR 293  WAR 336  WAR 158  1 RUN 10   RUN 6   RUN 4   RUN 14  
  1  50   3  459   3  207   2  164   3  342   0.29 5   23  - 0.17 5   11  - 0.11 6   13  - 0.41 5   31  - 
  SUPE  WAR 41   WAR 293  WAR 336  WAR 158  1 RUN 10   RUN 6   RUN 4   RUN 14  
  1  50   3  459   3  207   2  164   3  342   0.29 5   23  - 0.17 5   11  - 0.11 6   13  - 0.41 5   31  - 
  SUPE  WAR 41   WAR 293  WAR 336  WAR 158  1 RUN 10   RUN 6   RUN 4   RUN 14  
  1  50   3  459   3  207   2  164   3  342   0.29 5   23  - 0.17 6   17  - 0.11 6   13  - 0.41 5   31  - 
  SUPE  WAR 41   WAR 293  WAR 336  WAR 158  1 RUN 10   RUN 6   RUN 4   RUN 14  
  1  50   3  459   3  207   2  164   3  342   0.29 5   23  - 0.17 6   17  - 0.11 6   13  - 0.41 5   31  - 
  SUPE  WAR 41   WAR 293  WAR 336  WAR 158  1 RUN 10   RUN 6   RUN 4   RUN 14  
  1  50   3  459   3  207   2  164   3  342   0.29 6   30  - 0.17 6   17  - 0.11 6   13  - 0.41 5   31  - 
  SUPE  WAR 41   WAR 293  WAR 336  WAR 158  1 RUN 10   RUN 6   RUN 4   RUN 14  
  1  50   3  459   3  207   2  164   3  342   0.29 6   30  - 0.17 6   17  - 0.11 6   13  - 0.41 5   31  - 
  SUPE  WAR 41   WAR 293  WAR 336  WAR 158  1 RUN 10   RUN 6   RUN 4   RUN 14  
  1  50   3  459   3  207   2  164   3  342   0.29 6   30  - 0.17 6   17  - 0.11 6   13  - 0.41 6   41  - 
  SUPE  WAR 41   WAR 293  WAR 336  WAR 158  1 RUN 10   RUN 6   RUN 4   RUN 14  
  1  50   3  459   3  207   2  164   3  342   0.29 6   30  - 0.17 6   17  - 0.11 6   13  - 0.41 6   41  - 
  SUPE  WAR 41   WAR 293  WAR 336  WAR 158  1 RUN 10   RUN 6   RUN 4   RUN 14  
  1  50   3  459   3  207   2  164   3  342   0.29 6   30  - 0.17 6   17  - 0.11 7   14  - 0.41 6   41  - 
  SUPE  WAR 41   WAR 293  WAR 336  WAR 158  1 RUN 10   RUN 6   RUN 4   RUN 14  
  1  50   3  459   3  207   2  164   3  342   0.29 6   30  - 0.17 6   17  - 0.11 7   14  - 0.41 6   41  - 
  SUPE  WAR 41   WAR 293  WAR 336  WAR 158  1 RUN 10   RUN 6   RUN 4   RUN 14  
  1  50   3  459   3  207   2  164   3  342   0.29 6   30  - 0.17 7   19  - 0.11 7   14  - 0.41 6   41  - 
  SUPE  WAR 41   WAR 293  WAR 336  WAR 158  1 RUN 10   RUN 6   RUN 4   RUN 14  
  1  50   3  459   3  207   2  164   3  342   0.29 6   30  - 0.17 7   19  - 0.11 7   14  - 0.41 6   41  - 
  SUPE  WAR 41   WAR 293  WAR 336  WAR 158  1 RUN 10   RUN 6   RUN 4   RUN 14  
  1  50   3  459   3  207   2  164   3  342   0.29 6   30  - 0.17 7   19  - 0.11 7   14  - 0.41 7   44  - 
  SUPE  WAR 41   WAR 293  WAR 336  WAR 158  1 RUN 10   RUN 6   RUN 4   RUN 14  
  1  50   3  459   3  207   2  164   3  342   0.29 6   30  - 0.17 7   19  - 0.11 7   14  - 0.41 7   44  - 
  SUPE  WAR 41   WAR 293  WAR 336  WAR 158  1 RUN 10   RUN 6   RUN 4   RUN 14  
  1  50   3  459   3  207   2  164   3  342   0.29 6   30  - 0.17 7   19  - 0.11 8   18  - 0.41 7   44  - 
  SUPE  WAR 41   WAR 293  WAR 336  WAR 158  1 RUN 10   RUN 6   RUN 4   RUN 14  
  1  50   3  459   3  207   2  164   3  342   0.29 6   30  - 0.17 7   19  - 0.11 8   18  - 0.41 7   44  - 
  SUPE  WAR 41   WAR 293  WAR 336  WAR 158  1 RUN 10   RUN 6   RUN 4   RUN 14  
  1  50   3  459   3  207   2  164   3  342   0.29 7   37  - 0.17 7   19  - 0.11 8   18  - 0.41 7   44  - 
  SUPE  WAR 41   WAR 293  WAR 336  WAR 158  1 RUN 10   RUN 6   RUN 4   RUN 14  
  1  50   3  459   3  207   2  164   3  342   0.29 7   37  - 0.17 7   19  - 0.11 8   18  - 0.41 7   44  - 
  SUPE  WAR 41   WAR 293  WAR 336  WAR 158  1 RUN 10   RUN 6   RUN 4   RUN 14  
  1  50   3  459   3  207   2  164   3  342   0.29 7   37  - 0.17 8   21  - 0.11 8   18  - 0.41 7   44  - 
  SUPE  WAR 41   WAR 293  WAR 336  WAR 158  1 RUN 10   RUN 6   RUN 4   RUN 14  
  1  50   3  459   3  207   2  164   3  342   0.29 7   37  - 0.17 8   21  - 0.11 8   18  - 0.41 7   44  - 
  SUPE  WAR 41   WAR 293  WAR 336  WAR 158  1 RUN 10   RUN 6   RUN 4   RUN 14  
  1  50   3  459   3  207   2  164   3  342   0.29 7   37  - 0.17 8   21  - 0.11 8   18  - 0.41 8   54  - 
  SUPE  WAR 41   WAR 293  WAR 336  WAR 158  1 RUN 10   RUN 6   RUN 4   RUN 14  
  1  50   3  459   3  207   2  164   3  342   0.29 7   37  - 0.17 8   21  - 0.11 8   18  - 0.41 8   54  - 
  SUPE  WAR 41   WAR 293  WAR 336  WAR 158  1 RUN 10   RUN 6   RUN 4   RUN 14  
  1  50   3  459   3  207   2  164   3  342   0.29 7   37  - 0.17 8   21  - 0.11 9   21  - 0.41 8   54  - 
  SUPE  WAR 41   WAR 293  WAR 336  WAR 158  1 RUN 10   RUN 6   RUN 4   RUN 14  
  1  50   3  459   3  207   2  164   3  342   0.29 7   37  - 0.17 8   21  - 0.11 9   21  - 0.41 8   54  - 
  SUPE  WAR 41   WAR 293  WAR 336  WAR 158  1 RUN 10   RUN 6   RUN 4   RUN 14  
  1  50   3  459   3  207   2  164   3  342   0.29 8   45  - 0.17 8   21  - 0.11 9   21  - 0.41 8   54  - 
  SUPE  WAR 41   WAR 293  WAR 336  WAR 158  1 RUN 10   RUN 6   RUN 4   RUN 14  
  1  50   3  459   3  207   2  164   3  342   0.29 8   45  - 0.17 8   21  - 0.11 9   21  - 0.41 8   54  - 
  SUPE  WAR 41   WAR 293  WAR 336  WAR 158  1 RUN 10   RUN 6   RUN 4   RUN 14  
  1  50   3  459   3  207   2  164   3  342   0.29 8   45  - 0.17 9   27  - 0.11 9   21  - 0.41 8   54  - 
  SUPE  WAR 41   WAR 293  WAR 336  WAR 158  1 RUN 10   RUN 6   RUN 4   FIN 14  
  1  50   3  459   3  207   2  164   3  342   0.29 8   45  - 0.17 9   27  - 0.11 9   21  - 0.41 8   54  1 
  SUPE  WAR 41   WAR 293  WAR 336  WAR 158  1 RUN 10   RUN 6   RUN 4   STA 14  
  1  50   3  459   3  207   2  164   3  342   0.29 8   45  - 0.17 9   27  - 0.11 9   21  - 0.41 8   54  1 
  SUPE  WAR 41   WAR 293  WAR 336  WAR 158  1 RUN 10   RUN 6   RUN 4   STA 14  
  1  50   3  459   3  207   2  164   3  342   0.29 8   45  - 0.17 9   27  - 0.11 9   21  - 0.41 8   54  1 
  SUPE  WAR 41   WAR 293  WAR 336  WAR 158  1 RUN 10   RUN 6   RUN 4   STA 14  
  1  50   3  459   3  207   2  164   3  342   0.29 8   45  - 0.17 9   27  - 0.11 10  23  - 0.41 8   54  1 
  SUPE  WAR 41   WAR 293  WAR 336  WAR 158  1 RUN 10   RUN 6   RUN 4   STA 14  
  1  50   3  459   3  207   2  164   3  342   0.29 8   45  - 0.17 9   27  - 0.11 10  23  - 0.41 8   54  1 
  SUPE  WAR 41   WAR 293  WAR 336  WAR 158  1 RUN 10   RUN 6   RUN 4   STA 14  
  1  50   3  459   3  207   2  164   3  342   0.29 9   50  - 0.17 9   27  - 0.11 10  23  - 0.41 8   54  1 
  SUPE  WAR 41   WAR 293  WAR 336  WAR 158  1 RUN 10   RUN 6   RUN 4   STA 14  
  1  50   3  459   3  207   2  164   3  342   0.29 9   50  - 0.17 9   27  - 0.11 10  23  - 0.41 8   54  1 
  SUPE  WAR 41   WAR 293  WAR 336  WAR 158  1 RUN 10   RUN 6   RUN 4   STA 14  
  1  50   3  459   3  207   2  164   3  342   0.29 9   50  - 0.17 10  28  - 0.11 10  23  - 0.41 8   54  1 
  SUPE  WAR 41   WAR 293  WAR 336  WAR 158  1 RUN 10   RUN 6   RUN 4   STA 14  
  1  50   3  459   3  207   2  164   3  342   0.29 9   50  - 0.17 10  28  - 0.11 10  23  - 0.41 8   54  1 
  SUPE  WAR 41   WAR 293  WAR 336  WAR 158  1 RUN 10   RUN 6   RUN 4   STA 14  
  1  50   3  459   3  207   2  164   3  342   0.29 9   50  - 0.17 10  28  - 0.11 11  26  - 0.41 8   54  1 
  SUPE  WAR 41   WAR 293  WAR 336  WAR 158  1 FIN 10   RUN 6   RUN 4   STA 14  
  1  50   3  459   3  207   2  164   3  342   0.29 9   50  2 0.17 10  28  - 0.11 11  26  - 0.41 8   54  1 
  SUPE  WAR 41   WAR 293  WAR 336  WAR 158  1 STA 10   RUN 6   RUN 4   STA 14  
  1  50   3  459   3  207   2  164   3  342   0.29 9   50  2 0.17 10  28  - 0.11 11  26  - 0.41 8   54  1 
  SUPE  WAR 41   WAR 293  WAR 336  WAR 158  1 STA 10   RUN 6   RUN 4   STA 14  
  1  50   3  459   3  207   2  164   3  342   0.29 9   50  2 0.17 10  28  - 0.11 11  26  - 0.41 8   54  1 
  SUPE  WAR 41   WAR 293  WAR 336  WAR 158  1 STA 10   RUN 6   RUN 4   STA 14  
  1  50   3  459   3  207   2  164   3  342   0.29 9   50  2 0.17 11  31  - 0.11 11  26  - 0.41 8   54  1 
  SUPE  WAR 41   WAR 293  WAR 336  WAR 158  1 STA 10   RUN 6   RUN 4   STA 14  
  1  50   3  459   3  207   2  164   3  342   0.29 9   50  2 0.17 11  31  - 0.11 11  26  - 0.41 8   54  1 
  SUPE  WAR 41   WAR 293  WAR 336  WAR 158  1 STA 10   RUN 6   RUN 4   STA 14  
  1  50   3  459   3  207   2  164   3  342   0.29 9   50  2 0.17 11  31  - 0.11 12  30  - 0.41 8   54  1 
  SUPE  WAR 41   WAR 293  WAR 336  WAR 158  1 STA 10   RUN 6   RUN 4   STA 14  
  1  50   3  459   3  207   2  164   3  342   0.29 9   50  2 0.17 11  31  - 0.11 12  30  - 0.41 8   54  1 
  SUPE  WAR 41   WAR 293  WAR 336  WAR 158  1 STA 10   RUN 6   RUN 4   STA 14  
  1  50   3  459   3  207   2  164   3  342   0.29 9   50  2 0.17 12  34  - 0.11 12  30  - 0.41 8   54  1 
  SUPE  WAR 41   WAR 293  WAR 336  WAR 158  1 STA 10   RUN 6   RUN 4   STA 14  
  1  50   3  459   3  207   2  164   3  342   0.29 9   50  2 0.17 12  34  - 0.11 12  30  - 0.41 8   54  1 
  SUPE  WAR 41   WAR 293  WAR 336  WAR 158  1 STA 10   RUN 6   RUN 4   STA 14  
  1  50   3  459   3  207   2  164   3  342   0.29 9   50  2 0.17 12  34  - 0.11 13  33  - 0.41 8   54  1 
  SUPE  WAR 41   WAR 293  WAR 336  WAR 158  1 STA 10   RUN 6   RUN 4   STA 14  
  1  50   3  459   3  207   2  164   3  342   0.29 9   50  2 0.17 12  34  - 0.11 13  33  - 0.41 8   54  1 
  SUPE  WAR 41   WAR 293  WAR 336  WAR 158  1 STA 10   RUN 6   RUN 4   STA 14  
  1  50   3  459   3  207   2  164   3  342   0.29 9   50  2 0.17 13  40  - 0.11 13  33  - 0.41 8   54  1 
  SUPE  WAR 41   WAR 293  WAR 336  WAR 158  1 STA 10   RUN 6   RUN 4   STA 14  
  1  50   3  459   3  207   2  164   3  342   0.29 9   50  2 0.17 13  40  - 0.11 13  33  - 0.41 8   54  1 
  SUPE  WAR 41   WAR 293  WAR 336  WAR 158  1 STA 10   RUN 6   RUN 4   STA 14  
  1  50   3  459   3  207   2  164   3  342   0.29 9   50  2 0.17 13  40  - 0.11 14  34  - 0.41 8   54  1 
  SUPE  WAR 41   WAR 293  WAR 336  WAR 158  1 STA 10   RUN 6   RUN 4   STA 14  
  1  50   3  459   3  207   2  164   3  342   0.29 9   50  2 0.17 13  40  - 0.11 14  34  - 0.41 8   54  1 
  SUPE  WAR 41   WAR 293  WAR 336  WAR 158  1 STA 10   RUN 6   RUN 4   STA 14  
  1  50   3  459   3  207   2  164   3  342   0.29 9   50  2 0.17 14  45  - 0.11 14  34  - 0.41 8   54  1 
  SUPE  WAR 41   WAR 293  WAR 336  WAR 158  1 STA 10   RUN 6   RUN 4   STA 14  
  1  50   3  459   3  207   2  164   3  342   0.29 9   50  2 0.17 14  45  - 0.11 14  34  - 0.41 8   54  1 
  SUPE  WAR 41   WAR 293  WAR 336  WAR 158  1 STA 10   RUN 6   RUN 4   STA 14  
  1  50   3  459   3  207   2  164   3  342   0.29 9   50  2 0.17 14  45  - 0.11 15  37  - 0.41 8   54  1 
  SUPE  WAR 41   WAR 293  WAR 336  WAR 158  1 STA 10   RUN 6   RUN 4   STA 14  
  1  50   3  459   3  207   2  164   3  342   0.29 9   50  2 0.17 14  45  - 0.11 15  37  - 0.41 8   54  1 
  SUPE  WAR 41   WAR 293  WAR 336  WAR 158  1 STA 10   RUN 6   RUN 4   STA 14  
  1  50   3  459   3  207   2  164   3  342   0.29 9   50  2 0.17 15  49  - 0.11 15  37  - 0.41 8   54  1 
  SUPE  WAR 41   WAR 293  WAR 336  WAR 158  1 STA 10   RUN 6   RUN 4   STA 14  
  1  50   3  459   3  207   2  164   3  342   0.29 9   50  2 0.17 15  49  - 0.11 15  37  - 0.41 8   54  1 
  SUPE  WAR 41   WAR 293  WAR 336  WAR 158  1 STA 10   RUN 6   RUN 4   STA 14  
  1  50   3  459   3  207   2  164   3  342   0.29 9   50  2 0.17 15  49  - 0.11 16  41  - 0.41 8   54  1 
  SUPE  WAR 41   WAR 293  WAR 336  WAR 158  1 STA 10   RUN 6   RUN 4   STA 14  
  1  50   3  459   3  207   2  164   3  342   0.29 9   50  2 0.17 15  49  - 0.11 16  41  - 0.41 8   54  1 
  SUPE  WAR 41   WAR 293  WAR 336  WAR 158  1 STA 10   RUN 6   RUN 4   STA 14  
  1  50   3  459   3  207   2  164   3  342   0.29 9   50  2 0.17 16  53  - 0.11 16  41  - 0.41 8   54  1 
  SUPE  WAR 41   WAR 293  WAR 336  WAR 158  1 STA 10   RUN 6   RUN 4   STA 14  
  1  50   3  459   3  207   2  164   3  342   0.29 9   50  2 0.17 16  53  - 0.11 16  41  - 0.41 8   54  1 
  SUPE  WAR 41   WAR 293  WAR 336  WAR 158  1 STA 10   RUN 6   RUN 4   STA 14  
  1  50   3  459   3  207   2  164   3  342   0.29 9   50  2 0.17 16  53  - 0.11 17  42  - 0.41 8   54  1 
  SUPE  WAR 41   WAR 293  WAR 336  WAR 158  1 STA 10   FIN 6   RUN 4   STA 14  
  1  50   3  459   3  207   2  164   3  342   0.29 9   50  2 0.17 16  53  3 0.11 17  42  - 0.41 8   54  1 
  SUPE  WAR 41   WAR 293  WAR 336  WAR 158  1 STA 10   STA 6   RUN 4   STA 14  
  1  50   3  459   3  207   2  164   3  342   0.29 9   50  2 0.17 16  53  3 0.11 17  42  - 0.41 8   54  1 
  SUPE  WAR 41   WAR 293  WAR 336  WAR 158  1 STA 10   STA 6   RUN 4   STA 14  
  1  50   3  459   3  207   2  164   3  342   0.29 9   50  2 0.17 16  53  3 0.11 17  42  - 0.41 8   54  1 
  SUPE  WAR 41   WAR 293  WAR 336  WAR 158  1 STA 10   STA 6   RUN 4   STA 14  
  1  50   3  459   3  207   2  164   3  342   0.29 9   50  2 0.17 16  53  3 0.11 18  43  - 0.41 8   54  1 
  SUPE  WAR 41   WAR 293  WAR 336  WAR 158  1 STA 10   STA 6   RUN 4   STA 14  
  1  50   3  459   3  207   2  164   3  342   0.29 9   50  2 0.17 16  53  3 0.11 18  43  - 0.41 8   54  1 
  SUPE  WAR 41   WAR 293  WAR 336  WAR 158  1 STA 10   STA 6   RUN 4   STA 14  
  1  50   3  459   3  207   2  164   3  342   0.29 9   50  2 0.17 16  53  3 0.11 19  45  - 0.41 8   54  1 
  SUPE  WAR 41   WAR 293  WAR 336  WAR 158  1 STA 10   STA 6   RUN 4   STA 14  
  1  50   3  459   3  207   2  164   3  342   0.29 9   50  2 0.17 16  53  3 0.11 19  45  - 0.41 8   54  1 
  SUPE  WAR 41   WAR 293  WAR 336  WAR 158  1 STA 10   STA 6   RUN 4   STA 14  
  1  50   3  459   3  207   2  164   3  342   0.29 9   50  2 0.17 16  53  3 0.11 20  47  - 0.41 8   54  1 
  SUPE  WAR 41   WAR 293  WAR 336  WAR 158  1 STA 10   STA 6   RUN 4   STA 14  
  1  50   3  459   3  207   2  164   3  342   0.29 9   50  2 0.17 16  53  3 0.11 20  47  - 0.41 8   54  1 
  SUPE  WAR 41   WAR 293  WAR 336  WAR 158  1 STA 10   STA 6   RUN 4   STA 14  
  1  50   3  459   3  207   2  164   3  342   0.29 9   50  2 0.17 16  53  3 0.11 21  48  - 0.41 8   54  1 
  SUPE  WAR 41   WAR 293  WAR 336  WAR 158  1 STA 10   STA 6   RUN 4   STA 14  
  1  50   3  459   3  207   2  164   3  342   0.29 9   50  2 0.17 16  53  3 0.11 21  48  - 0.41 8   54  1 
  SUPE  WAR 41   WAR 293  WAR 336  WAR 158  1 STA 10   STA 6   RUN 4   STA 14  
  1  50   3  459   3  207   2  164   3  342   0.29 9   50  2 0.17 16  53  3 0.11 22  52  - 0.41 8   54  1 
  SUPE  WAR 41   WAR 293  WAR 336  WAR 158  1 STA 10   STA 6   FIN 4   STA 14  
  1  50   3  459   3  207   2  164   3  342   0.29 9   50  2 0.17 16  53  3 0.11 22  52  4 0.41 8   54  1 
  SUPE  WAR 41   WAR 293  WAR 336  WAR 158  1 STA 10   STA 6   STA 4   STA 14  
  1  50   3  459   3  207   2  164   3  342   0.29 9   50  2 0.17 16  53  3 0.11 22  52  4 0.41 8   54  1 
  SETT  WAR 41   WAR 293  WAR 336  WAR 158  1 STA 10   STA 6   STA 4   STA 14  
  1  50   3  459   3  207   2  164   3  342   0.29 9   50  2 0.17 16  53  3 0.11 22  52  4 0.41 8   54  1 
  SETT  WAR 41   WAR 293  WAI 336  WAR 158  1 STA 10   STA 6   STA 4   STA 14  
  1  50   3  459   3  207   2  164   3  342   0.29 9   50  2 0.17 16  53  3 0.11 22  52  4 0.41 8   54  1 
  SETT  CTG 41   WAR 293  WAI 336  WAR 158  1 STA 10   STA 6   STA 4   STA 14  
  1  50   3  459   3  207   2  164   3  342   0.29 9   50  2 0.17 16  53  3 0.11 22  52  4 0.41 8   54  1 
  SETT  CTG 41   CTG 293  WAI 336  WAR 158  1 STA 10   STA 6   STA 4   STA 14  
  1  50   3  459   3  207   2  164   3  342   0.29 9   50  2 0.17 16  53  3 0.11 22  52  4 0.41 8   54  1 
  SETT  CTG 41   CTG 293  WAI 336  CTG 158  1 STA 10   STA 6   STA 4   STA 14  
  1  50   3  459   3  207   2  164   3  342   0.29 9   50  2 0.17 16  53  3 0.11 22  52  4 0.41 8   54  1 
  SETT  CTG 3320 CTG 293  WAI 336  CTG 158  1 STA 10   STA 6   STA 4   STA 14  
  1  50   3  459   3  207   2  164   3  342   0.29 9   50  2 0.17 16  53  3 0.11 22  52  4 0.41 8   54  1 
  SETT  WAI 3320 CTG 1772 WAI 336  CTG 158  1 STA 10   STA 6   STA 4   STA 14  
  1  50   3  459   3  207   2  164   3  342   0.29 9   50  2 0.17 16  53  3 0.11 22  52  4 0.41 8   54  1 
  SETT  WAI 3320 CTG 1772 WAI 336  CTG 158  1 STA 10   STA 6   STA 4   STA 14  
  1  50   3  459   3  207   2  164   3  342   0.29 9   50  2 0.17 16  53  3 0.11 22  52  4 0.41 8   54  1 
  SETT  WAI 3320 WAI 1772 WAI 336  CTG 2601 1 STA 10   STA 6   STA 4   STA 14  
  1  50   3  459   3  207   2  164   3  342   0.29 9   50  2 0.17 16  53  3 0.11 22  52  4 0.41 8   54  1 
  SETT  WAI 3320 WAI 1772 WAI 336  CTG 2601 1 STA 10   STA 6   STA 4   STA 14  
  1  50   3  459   3  207   2  164   3  342   0.29 9   50  2 0.17 16  53  3 0.11 22  52  4 0.41 8   54  1 
  NEXT  WAI 3320 WAI 1772 WAI 336  WAI 2601 2 STA 10   STA 6   STA 4   STA 14  
  2  50   -  ----  -  ----  -  ----  -  ----  0.29 9   50  2 0.17 16  53  3 0.11 22  52  4 0.41 8   54  1 
  NEXT  WAI 3320 WAI 1772 WAI 336  WAI 2601 2 STA 10   STA 6   STA 4   STA 14  
  2  50   -  ----  -  ----  -  ----  -  ----  0.29 9   50  2 0.17 16  53  3 0.11 22  52  4 0.41 8   54  1 
  NEXT  WAI 3320 WAI 1772 WAI 336  WAI 2601 2 STA 10   STA 6   STA 4   PAD 14  
  2  50   -  ----  -  ----  -  ----  -  ----  0.29 9   50  2 0.17 16  53  3 0.11 22  52  4 0.41 8   54  1 
  NEXT  WAI 3320 WAI 1772 WAI 336  WAI 2601 2 STA 10   PAD 6   STA 4   PAD 14  
  2  50   -  ----  -  ----  -  ----  -  ----  0.29 9   50  2 0.17 16  53  3 0.11 22  52  4 0.41 8   54  1 
  NEXT  WAI 3320 WAI 1772 WAI 336  WAI 2601 2 STA 10   PAD 6   PAD 4   PAD 14  
  2  50   -  ----  -  ----  -  ----  -  ----  0.29 9   50  2 0.17 16  53  3 0.11 22  52  4 0.41 8   54  1 
  NEXT  WAI 3320 WAI 1772 WAI 336  WAI 2601 2 PAD 10   PAD 6   PAD 4   PAD 14  
  2  50   -  ----  -  ----  -  ----  -  ----  0.29 9   50  2 0.17 16  53  3 0.11 22  52  4 0.41 8   54  1 
  NEXT  WAI 3320 WAI 1772 APP 336  WAI 2601 2 PAD 10   PAD 6   PAD 4   PAD 14  
  2  50   -  ----  -  ----  -  ----  -  ----  0.29 9   50  2 0.17 16  53  3 0.11 22  52  4 0.41 8   54  1 
  NEXT  APP 3320 WAI 1772 APP 336  WAI 2601 2 PAD 10   PAD 6   PAD 4   PAD 14  
  2  50   -  ----  -  ----  -  ----  -  ----  0.29 9   50  2 0.17 16  53  3 0.11 22  52  4 0.41 8   54  1 
  NEXT  APP 3320 APP 1772 APP 336  WAI 2601 2 PAD 10   PAD 6   PAD 4   PAD 14  
  2  50   -  ----  -  ----  -  ----  -  ----  0.29 9   50  2 0.17 16  53  3 0.11 22  52  4 0.41 8   54  1 
  NEXT  APP 3320 APP 1772 APP 336  APP 2601 2 PAD 10   PAD 6   PAD 4   PAD 14  
  2  50   -  ----  -  ----  -  ----  -  ----  0.29 9   50  2 0.17 16  53  3 0.11 22  52  4 0.41 8   54  1 
  NEXT  APP 3320 APP 1772 APP 336  APP 2601 2 PAD 10   PAD 6   PAD 4   STL 14  
  2  50   -  ----  -  ----  -  ----  -  ----  0.29 9   50  2 0.17 16  53  3 0.11 22  52  4 0.41 8   0   1 
  WAIT  APP 3320 APP 1772 APP 336  APP 2601 2 PAD 10   STL 6   PAD 4   STL 14  
  2  50   -  ----  -  ----  -  ----  -  ----  0.29 9   50  2 0.17 16  0   3 0.11 22  52  4 0.41 8   0   1 
  WAIT  APP 3320 APP 1772 BET 336  APP 2601 2 PAD 10   STL 6   PAD 4   STL 14  
  2  50   -  ----  -  ----  -  ----  -  ----  0.29 9   50  2 0.17 16  0   3 0.11 22  52  4 0.41 8   0   1 
  WAIT  APP 3320 APP 1772 BET 336  APP 2601 2 PAD 10   STL 6   STL 4   STL 14  
  2  50   -  ----  -  ----  -  ----  -  ----  0.29 9   50  2 0.17 16  0   3 0.11 22  0   4 0.41 8   0   1 
  WAIT  APP 3320 APP 1772 BET 172  APP 2601 2 PAD 10   STL 6   STL 4   STL 14  
  2  50   -  ----  -  ----  2  164   -  ----  0.29 9   50  2 0.17 16  0   3 0.11 22  0   4 0.41 8   0   1 
  WAIT  APP 3320 APP 1772 BET 172  APP 2601 2 STL 10   STL 6   STL 4   STL 14  
  2  50   -  ----  -  ----  2  164   -  ----  0.29 9   0   2 0.17 16  0   3 0.11 22  0   4 0.41 8   0   1 
  WAIT  APP 3320 APP 1772 WAR 172  APP 2601 2 STL 10   STL 6   STL 4   STL 14  
  2  50   -  ----  -  ----  2  164   -  ----  0.29 9   0   2 0.17 16  0   3 0.11 22  0   4 0.41 8   0   1 
  WAIT  BET 3320 APP 1772 WAR 172  APP 2601 2 STL 10   STL 6   STL 4   STL 14  
  2  50   -  ----  -  ----  2  164   -  ----  0.29 9   0   2 0.17 16  0   3 0.11 22  0   4 0.41 8   0   1 
  WAIT  BET 2861 APP 1772 WAR 172  APP 2601 2 STL 10   STL 6   STL 4   STL 14  
  2  50   3  459   -  ----  2  164   -  ----  0.29 9   0   2 0.17 16  0   3 0.11 22  0   4 0.41 8   0   1 
  WAIT  BET 2861 BET 1772 WAR 172  APP 2601 2 STL 10   STL 6   STL 4   STL 14  
  2  50   3  459   -  ----  2  164   -  ----  0.29 9   0   2 0.17 16  0   3 0.11 22  0   4 0.41 8   0   1 
  WAIT  WAR 2861 BET 1772 WAR 172  APP 2601 2 STL 10   STL 6   STL 4   STL 14  
  2  50   3  459   -  ----  2  164   -  ----  0.29 9   0   2 0.17 16  0   3 0.11 22  0   4 0.41 8   0   1 
  WAIT  WAR 2861 BET 1565 WAR 172  APP 2601 2 STL 10   STL 6   STL 4   STL 14  
  2  50   3  459   3  207   2  164   -  ----  0.29 9   0   2 0.17 16  0   3 0.11 22  0   4 0.41 8   0   1 
  WAIT  WAR 2861 BET 1565 WAR 172  APP 2601 2 STL 10   STL 6   STL 4   STL 14  
  2  50   3  459   3  207   2  164   -  ----  0.29 9   0   2 0.17 16  0   3 0.11 22  0   4 0.41 8   0   1 
  WAIT  WAR 2861 WAR 1565 WAR 172  BET 2601 2 STL 10   STL 6   STL 4   STL 14  
  2  50   3  459   3  207   2  164   -  ----  0.29 9   0   2 0.17 16  0   3 0.11 22  0   4 0.41 8   0   1 
  WAIT  WAR 2861 WAR 1565 WAR 172  BET 2601 2 STL 10   STL 6   STL 4   STL 14  
  2  50   3  459   3  207   2  164   -  ----  0.29 9   0   2 0.17 16  0   3 0.11 22  0   4 0.41 8   0   1 
  WAIT  WAR 2861 WAR 1565 WAR 172  BET 2259 2 STL 10   STL 6   STL 4   STL 14  
  2  50   3  459   3  207   2  164   3  342   0.29 9   0   2 0.17 16  0   3 0.11 22  0   4 0.41 8   0   1 
  WAIT  WAR 2861 WAR 1565 WAR 172  WAR 2259 2 STL 10   STL 6   STL 4   STL 14  
  2  50   3  459   3  207   2  164   3  342   0.29 9   0   2 0.17 16  0   3 0.11 22  0   4 0.41 8   0   1 
  SUPE  WAR 2861 WAR 1565 WAR 172  WAR 2259 2 STL 10   STL 6   STL 4   STL 14  
  2  50   3  459   3  207   2  164   3  342   0.29 9   0   2 0.17 16  0   3 0.11 22  0   4 0.41 8   0   1 
  SUPE  WAR 2861 WAR 1565 WAR 172  WAR 2259 2 STL 10   STL 6   STL 4   RUN 14  
  2  50   3  459   3  207   2  164   3  342   0.29 9   0   2 0.17 16  0   3 0.11 22  0   4 0.41 8   0   1 
  SUPE  WAR 2861 WAR 1565 WAR 172  WAR 2259 2 STL 10   STL 6   STL 4   RUN 14  
  2  50   3  459   3  207   2  164   3  342   0.29 9   0   2 0.17 16  0   3 0.11 22  0   4 0.41 9   6   1 
  SUPE  WAR 2861 WAR 1565 WAR 172  WAR 2259 2 STL 10   RUN 6   STL 4   RUN 14  
  2  50   3  459   3  207   2  164   3  342   0.29 9   0   2 0.17 16  0   3 0.11 22  0   4 0.41 9   6   1 
  SUPE  WAR 2861 WAR 1565 WAR 172  WAR 2259 2 STL 10   RUN 6   STL 4   RUN 14  
  2  50   3  459   3  207   2  164   3  342   0.29 9   0   2 0.17 17  3   3 0.11 22  0   4 0.41 9   6   1 
  SUPE  WAR 2861 WAR 1565 WAR 172  WAR 2259 2 STL 10   RUN 6   RUN 4   RUN 14  
  2  50   3  459   3  207   2  164   3  342   0.29 9   0   2 0.17 17  3   3 0.11 22  0   4 0.41 9   6   1 
  SUPE  WAR 2861 WAR 1565 WAR 172  WAR 2259 2 STL 10   RUN 6   RUN 4   RUN 14  
  2  50   3  459   3  207   2  164   3  342   0.29 9   0   2 0.17 17  3   3 0.11 23  3   4 0.41 9   6   1 
  SUPE  WAR 2861 WAR 1565 WAR 172  WAR 2259 2 RUN 10   RUN 6   RUN 4   RUN 14  
  2  50   3  459   3  207   2  164   3  342   0.29 9   0   2 0.17 17  3   3 0.11 23  3   4 0.41 9   6   1 
  SUPE  WAR 2861 WAR 1565 WAR 172  WAR 2259 2 RUN 10   RUN 6   RUN 4   RUN 14  
  2  50   3  459   3  207   2  164   3  342   0.29 10  2   2 0.17 17  3   3 0.11 23  3   4 0.41 9   6   1 
  SUPE  WAR 2861 WAR 1565 WAR 172  WAR 2259 2 RUN 10   RUN 6   RUN 4   RUN 14  
  2  50   3  459   3  207   2  164   3  342   0.29 10  2   2 0.17 17  3   3 0.11 23  3   4 0.41 9   6   1 
  SUPE  WAR 2861 WAR 1565 WAR 172  WAR 2259 2 RUN 10   RUN 6   RUN 4   RUN 14  
  2  50   3  459   3  207   2  164   3  342   0.29 10  2   2 0.17 17  3   3 0.11 23  3   4 0.41 10  11  1 
  SUPE  WAR 2861 WAR 1565 WAR 172  WAR 2259 2 RUN 10   RUN 6   RUN 4   RUN 14  
  2  50   3  459   3  207   2  164   3  342   0.29 10  2   2 0.17 17  3   3 0.11 23  3   4 0.41 10  11  1 
  SUPE  WAR 2861 WAR 1565 WAR 172  WAR 2259 2 RUN 10   RUN 6   RUN 4   RUN 14  
  2  50   3  459   3  207   2  164   3  342   0.29 10  2   2 0.17 18  9   3 0.11 23  3   4 0.41 10  11  1 
  SUPE  WAR 2861 WAR 1565 WAR 172  WAR 2259 2 RUN 10   RUN 6   RUN 4   RUN 14  
  2  50   3  459   3  207   2  164   3  342   0.29 10  2   2 0.17 18  9   3 0.11 23  3   4 0.41 10  11  1 
  SUPE  WAR 2861 WAR 1565 WAR 172  WAR 2259 2 RUN 10   RUN 6   RUN 4   RUN 14  
  2  50   3  459   3  207   2  164   3  342   0.29 10  2   2 0.17 18  9   3 0.11 24  4   4 0.41 10  11  1 
  SUPE  WAR 2861 WAR 1565 WAR 172  WAR 2259 2 RUN 10   RUN 6   RUN 4   RUN 14  
  2  50   3  459   3  207   2  164   3  342   0.29 10  2   2 0.17 18  9   3 0.11 24  4   4 0.41 10  11  1 
  SUPE  WAR 2861 WAR 1565 WAR 172  WAR 2259 2 RUN 10   RUN 6   RUN 4   RUN 14  
  2  50   3  459   3  207   2  164   3  342   0.29 11  11  2 0.17 18  9   3 0.11 24  4   4 0.41 10  11  1 
  SUPE  WAR 2861 WAR 1565 WAR 172  WAR 2259 2 RUN 10   RUN 6   RUN 4   RUN 14  
  2  50   3  459   3  207   2  164   3  342   0.29 11  11  2 0.17 18  9   3 0.11 24  4   4 0.41 10  11  1 
  SUPE  WAR 2861 WAR 1565 WAR 172  WAR 2259 2 RUN 10   RUN 6   RUN 4   RUN 14  
  2  50   3  459   3  207   2  164   3  342   0.29 11  11  2 0.17 18  9   3 0.11 24  4   4 0.41 11  17  1 
  SUPE  WAR 2861 WAR 1565 WAR 172  WAR 2259 2 RUN 10   RUN 6   RUN 4   RUN 14  
  2  50   3  459   3  207   2  164   3  342   0.29 11  11  2 0.17 18  9   3 0.11 24  4   4 0.41 11  17  1 
  SUPE  WAR 2861 WAR 1565 WAR 172  WAR 2259 2 RUN 10   RUN 6   RUN 4   RUN 14  
  2  50   3  459   3  207   2  164   3  342   0.29 11  11  2 0.17 19  12  3 0.11 24  4   4 0.41 11  17  1 
  SUPE  WAR 2861 WAR 1565 WAR 172  WAR 2259 2 RUN 10   RUN 6   RUN 4   RUN 14  
  2  50   3  459   3  207   2  164   3  342   0.29 11  11  2 0.17 19  12  3 0.11 24  4   4 0.41 11  17  1 
  SUPE  WAR 2861 WAR 1565 WAR 172  WAR 2259 2 RUN 10   RUN 6   RUN 4   RUN 14  
  2  50   3  459   3  207   2  164   3  342   0.29 11  11  2 0.17 19  12  3 0.11 25  6   4 0.41 11  17  1 
  SUPE  WAR 2861 WAR 1565 WAR 172  WAR 2259 2 RUN 10   RUN 6   RUN 4   RUN 14  
  2  50   3  459   3  207   2  164   3  342   0.29 11  11  2 0.17 19  12  3 0.11 25  6   4 0.41 11  17  1 
  SUPE  WAR 2861 WAR 1565 WAR 172  WAR 2259 2 RUN 10   RUN 6   RUN 4   RUN 14  
  2  50   3  459   3  207   2  164   3  342   0.29 12  19  2 0.17 19  12  3 0.11 25  6   4 0.41 11  17  1 
  SUPE  WAR 2861 WAR 1565 WAR 172  WAR 2259 2 RUN 10   RUN 6   RUN 4   RUN 14  
  2  50   3  459   3  207   2  164   3  342   0.29 12  19  2 0.17 19  12  3 0.11 25  6   4 0.41 11  17  1 
  SUPE  WAR 2861 WAR 1565 WAR 172  WAR 2259 2 RUN 10   RUN 6   RUN 4   RUN 14  
  2  50   3  459   3  207   2  164   3  342   0.29 12  19  2 0.17 19  12  3 0.11 25  6   4 0.41 12  25  1 
  SUPE  WAR 2861 WAR 1565 WAR 172  WAR 2259 2 RUN 10   RUN 6   RUN 4   RUN 14  
  2  50   3  459   3  207   2  164   3  342   0.29 12  19  2 0.17 19  12  3 0.11 25  6   4 0.41 12  25  1 
  SUPE  WAR 2861 WAR 1565 WAR 172  WAR 2259 2 RUN 10   RUN 6   RUN 4   RUN 14  
  2  50   3  459   3  207   2  164   3  342   0.29 12  19  2 0.17 20  14  3 0.11 25  6   4 0.41 12  25  1 
  SUPE  WAR 2861 WAR 1565 WAR 172  WAR 2259 2 RUN 10   RUN 6   RUN 4   RUN 14  
  2  50   3  459   3  207   2  164   3  342   0.29 12  19  2 0.17 20  14  3 0.11 25  6   4 0.41 12  25  1 
  SUPE  WAR 2861 WAR 1565 WAR 172  WAR 2259 2 RUN 10   RUN 6   RUN 4   RUN 14  
  2  50   3  459   3  207   2  164   3  342   0.29 12  19  2 0.17 20  14  3 0.11 26  10  4 0.41 12  25  1 
  SUPE  WAR 2861 WAR 1565 WAR 172  WAR 2259 2 RUN 10   RUN 6   RUN 4   RUN 14  
  2  50   3  459   3  207   2  164   3  342   0.29 12  19  2 0.17 20  14  3 0.11 26  10  4 0.41 12  25  1 
  SUPE  WAR 2861 WAR 1565 WAR 172  WAR 2259 2 RUN 10   RUN 6   RUN 4   RUN 14  
  2  50   3  459   3  207   2  164   3  342   0.29 13  27  2 0.17 20  14  3 0.11 26  10  4 0.41 12  25  1 
  SUPE  WAR 2861 WAR 1565 WAR 172  WAR 2259 2 RUN 10   RUN 6   RUN 4   RUN 14  
  2  50   3  459   3  207   2  164   3  342   0.29 13  27  2 0.17 20  14  3 0.11 26  10  4 0.41 12  25  1 
  SUPE  WAR 2861 WAR 1565 WAR 172  WAR 2259 2 RUN 10   RUN 6   RUN 4   RUN 14  
  2  50   3  459   3  207   2  164   3  342   0.29 13  27  2 0.17 20  14  3 0.11 26  10  4 0.41 13  34  1 
  SUPE  WAR 2861 WAR 1565 WAR 172  WAR 2259 2 RUN 10   RUN 6   RUN 4   RUN 14  
  2  50   3  459   3  207   2  164   3  342   0.29 13  27  2 0.17 20  14  3 0.11 26  10  4 0.41 13  34  1 
  SUPE  WAR 2861 WAR 1565 WAR 172  WAR 2259 2 RUN 10   RUN 6   RUN 4   RUN 14  
  2  50   3  459   3  207   2  164   3  342   0.29 13  27  2 0.17 21  18  3 0.11 26  10  4 0.41 13  34  1 
  SUPE  WAR 2861 WAR 1565 WAR 172  WAR 2259 2 RUN 10   RUN 6   RUN 4   RUN 14  
  2  50   3  459   3  207   2  164   3  342   0.29 13  27  2 0.17 21  18  3 0.11 26  10  4 0.41 13  34  1 
  SUPE  WAR 2861 WAR 1565 WAR 172  WAR 2259 2 RUN 10   RUN 6   RUN 4   RUN 14  
  2  50   3  459   3  207   2  164   3  342   0.29 13  27  2 0.17 21  18  3 0.11 27  12  4 0.41 13  34  1 
  SUPE  WAR 2861 WAR 1565 WAR 172  WAR 2259 2 RUN 10   RUN 6   RUN 4   RUN 14  
  2  50   3  459   3  207   2  164   3  342   0.29 13  27  2 0.17 21  18  3 0.11 27  12  4 0.41 13  34  1 
  SUPE  WAR 2861 WAR 1565 WAR 172  WAR 2259 2 RUN 10   RUN 6   RUN 4   RUN 14  
  2  50   3  459   3  207   2  164   3  342   0.29 14  37  2 0.17 21  18  3 0.11 27  12  4 0.41 13  34  1 
  SUPE  WAR 2861 WAR 1565 WAR 172  WAR 2259 2 RUN 10   RUN 6   RUN 4   RUN 14  
  2  50   3  459   3  207   2  164   3  342   0.29 14  37  2 0.17 21  18  3 0.11 27  12  4 0.41 13  34  1 
  SUPE  WAR 2861 WAR 1565 WAR 172  WAR 2259 2 RUN 10   RUN 6   RUN 4   RUN 14  
  2  50   3  459   3  207   2  164   3  342   0.29 14  37  2 0.17 21  18  3 0.11 27  12  4 0.41 14  37  1 
  SUPE  WAR 2861 WAR 1565 WAR 172  WAR 2259 2 RUN 10   RUN 6   RUN 4   RUN 14  
  2  50   3  459   3  207   2  164   3  342   0.29 14  37  2 0.17 21  18  3 0.11 27  12  4 0.41 14  37  1 
  SUPE  WAR 2861 WAR 1565 WAR 172  WAR 2259 2 RUN 10   RUN 6   RUN 4   RUN 14  
  2  50   3  459   3  207   2  164   3  342   0.29 14  37  2 0.17 22  24  3 0.11 27  12  4 0.41 14  37  1 
  SUPE  WAR 2861 WAR 1565 WAR 172  WAR 2259 2 RUN 10   RUN 6   RUN 4   RUN 14  
  2  50   3  459   3  207   2  164   3  342   0.29 14  37  2 0.17 22  24  3 0.11 27  12  4 0.41 14  37  1 
  SUPE  WAR 2861 WAR 1565 WAR 172  WAR 2259 2 RUN 10   RUN 6   RUN 4   RUN 14  
  2  50   3  459   3  207   2  164   3  342   0.29 14  37  2 0.17 22  24  3 0.11 28  16  4 0.41 14  37  1 
  SUPE  WAR 2861 WAR 1565 WAR 172  WAR 2259 2 RUN 10   RUN 6   RUN 4   RUN 14  
  2  50   3  459   3  207   2  164   3  342   0.29 14  37  2 0.17 22  24  3 0.11 28  16  4 0.41 14  37  1 
  SUPE  WAR 2861 WAR 1565 WAR 172  WAR 2259 2 RUN 10   RUN 6   RUN 4   RUN 14  
  2  50   3  459   3  207   2  164   3  342   0.29 15  44  2 0.17 22  24  3 0.11 28  16  4 0.41 14  37  1 
  SUPE  WAR 2861 WAR 1565 WAR 172  WAR 2259 2 RUN 10   RUN 6   RUN 4   RUN 14  
  2  50   3  459   3  207   2  164   3  342   0.29 15  44  2 0.17 22  24  3 0.11 28  16  4 0.41 14  37  1 
  SUPE  WAR 2861 WAR 1565 WAR 172  WAR 2259 2 RUN 10   RUN 6   RUN 4   RUN 14  
  2  50   3  459   3  207   2  164   3  342   0.29 15  44  2 0.17 22  24  3 0.11 28  16  4 0.41 15  45  1 
  SUPE  WAR 2861 WAR 1565 WAR 172  WAR 2259 2 RUN 10   RUN 6   RUN 4   RUN 14  
  2  50   3  459   3  207   2  164   3  342   0.29 15  44  2 0.17 22  24  3 0.11 28  16  4 0.41 15  45  1 
  SUPE  WAR 2861 WAR 1565 WAR 172  WAR 2259 2 RUN 10   RUN 6   RUN 4   RUN 14  
  2  50   3  459   3  207   2  164   3  342   0.29 15  44  2 0.17 23  29  3 0.11 28  16  4 0.41 15  45  1 
  SUPE  WAR 2861 WAR 1565 WAR 172  WAR 2259 2 RUN 10   RUN 6   RUN 4   RUN 14  
  2  50   3  459   3  207   2  164   3  342   0.29 15  44  2 0.17 23  29  3 0.11 28  16  4 0.41 15  45  1 
  SUPE  WAR 2861 WAR 1565 WAR 172  WAR 2259 2 RUN 10   RUN 6   RUN 4   RUN 14  
  2  50   3  459   3  207   2  164   3  342   0.29 15  44  2 0.17 23  29  3 0.11 29  19  4 0.41 15  45  1 
  SUPE  WAR 2861 WAR 1565 WAR 172  WAR 2259 2 RUN 10   RUN 6   RUN 4   RUN 14  
  2  50   3  459   3  207   2  164   3  342   0.29 15  44  2 0.17 23  29  3 0.11 29  19  4 0.41 15  45  1 
  SUPE  WAR 2861 WAR 1565 WAR 172  WAR 2259 2 RUN 10   RUN 6   RUN 4   RUN 14  
  2  50   3  459   3  207   2  164   3  342   0.29 16  47  2 0.17 23  29  3 0.11 29  19  4 0.41 15  45  1 
  SUPE  WAR 2861 WAR 1565 WAR 172  WAR 2259 2 RUN 10   RUN 6   RUN 4   RUN 14  
  2  50   3  459   3  207   2  164   3  342   0.29 16  47  2 0.17 23  29  3 0.11 29  19  4 0.41 15  45  1 
  SUPE  WAR 2861 WAR 1565 WAR 172  WAR 2259 2 RUN 10   RUN 6   RUN 4   RUN 14  
  2  50   3  459   3  207   2  164   3  342   0.29 16  47  2 0.17 23  29  3 0.11 29  19  4 0.41 16  50  1 
  SUPE  WAR 2861 WAR 1565 WAR 172  WAR 2259 2 RUN 10   RUN 6   RUN 4   RUN 14  
  2  50   3  459   3  207   2  164   3  342   0.29 16  47  2 0.17 23  29  3 0.11 29  19  4 0.41 16  50  1 
  SUPE  WAR 2861 WAR 1565 WAR 172  WAR 2259 2 RUN 10   RUN 6   RUN 4   RUN 14  
  2  50   3  459   3  207   2  164   3  342   0.29 16  47  2 0.17 24  32  3 0.11 29  19  4 0.41 16  50  1 
  SUPE  WAR 2861 WAR 1565 WAR 172  WAR 2259 2 RUN 10   RUN 6   RUN 4   RUN 14  
  2  50   3  459   3  207   2  164   3  342   0.29 16  47  2 0.17 24  32  3 0.11 29  19  4 0.41 16  50  1 
  SUPE  WAR 2861 WAR 1565 WAR 172  WAR 2259 2 RUN 10   RUN 6   RUN 4   RUN 14  
  2  50   3  459   3  207   2  164   3  342   0.29 16  47  2 0.17 24  32  3 0.11 30  22  4 0.41 16  50  1 
  SUPE  WAR 2861 WAR 1565 WAR 172  WAR 2259 2 RUN 10   RUN 6   RUN 4   RUN 14  
  2  50   3  459   3  207   2  164   3  342   0.29 16  47  2 0.17 24  32  3 0.11 30  22  4 0.41 16  50  1 
  SUPE  WAR 2861 WAR 1565 WAR 172  WAR 2259 2 RUN 10   RUN 6   RUN 4   RUN 14  
  2  50   3  459   3  207   2  164   3  342   0.29 17  51  2 0.17 24  32  3 0.11 30  22  4 0.41 16  50  1 
  SUPE  WAR 2861 WAR 1565 WAR 172  WAR 2259 2 RUN 10   RUN 6   RUN 4   FIN 14  
  2  50   3  459   3  207   2  164   3  342   0.29 17  51  2 0.17 24  32  3 0.11 30  22  4 0.41 16  50  1 
  SUPE  WAR 2861 WAR 1565 WAR 172  WAR 2259 2 RUN 10   RUN 6   RUN 4   STA 14  
  2  50   3  459   3  207   2  164   3  342   0.29 17  51  2 0.17 24  32  3 0.11 30  22  4 0.41 16  50  1 
  SUPE  WAR 2861 WAR 1565 WAR 172  WAR 2259 2 RUN 10   RUN 6   RUN 4   STA 14  
  2  50   3  459   3  207   2  164   3  342   0.29 17  51  2 0.17 24  32  3 0.11 30  22  4 0.41 16  50  1 
  SUPE  WAR 2861 WAR 1565 WAR 172  WAR 2259 2 RUN 10   RUN 6   RUN 4   STA 14  
  2  50   3  459   3  207   2  164   3  342   0.29 17  51  2 0.17 25  34  3 0.11 30  22  4 0.41 16  50  1 
  SUPE  WAR 2861 WAR 1565 WAR 172  WAR 2259 2 RUN 10   RUN 6   RUN 4   STA 14  
  2  50   3  459   3  207   2  164   3  342   0.29 17  51  2 0.17 25  34  3 0.11 30  22  4 0.41 16  50  1 
  SUPE  WAR 2861 WAR 1565 WAR 172  WAR 2259 2 RUN 10   RUN 6   RUN 4   STA 14  
  2  50   3  459   3  207   2  164   3  342   0.29 17  51  2 0.17 25  34  3 0.11 31  26  4 0.41 16  50  1 
  SUPE  WAR 2861 WAR 1565 WAR 172  WAR 2259 2 FIN 10   RUN 6   RUN 4   STA 14  
  2  50   3  459   3  207   2  164   3  342   0.29 17  51  2 0.17 25  34  3 0.11 31  26  4 0.41 16  50  1 
  SUPE  WAR 2861 WAR 1565 WAR 172  WAR 2259 2 STA 10   RUN 6   RUN 4   STA 14  
  2  50   3  459   3  207   2  164   3  342   0.29 17  51  2 0.17 25  34  3 0.11 31  26  4 0.41 16  50  1 
  SUPE  WAR 2861 WAR 1565 WAR 172  WAR 2259 2 STA 10   RUN 6   RUN 4   STA 14  
  2  50   3  459   3  207   2  164   3  342   0.29 17  51  2 0.17 25  34  3 0.11 31  26  4 0.41 16  50  1 
  SUPE  WAR 2861 WAR 1565 WAR 172  WAR 2259 2 STA 10   RUN 6   RUN 4   STA 14  
  2  50   3  459   3  207   2  164   3  342   0.29 17  51  2 0.17 26  37  3 0.11 31  26  4 0.41 16  50  1 
  SUPE  WAR 2861 WAR 1565 WAR 172  WAR 2259 2 STA 10   RUN 6   RUN 4   STA 14  
  2  50   3  459   3  207   2  164   3  342   0.29 17  51  2 0.17 26  37  3 0.11 31  26  4 0.41 16  50  1 
  SUPE  WAR 2861 WAR 1565 WAR 172  WAR 2259 2 STA 10   RUN 6   RUN 4   STA 14  
  2  50   3  459   3  207   2  164   3  342   0.29 17  51  2 0.17 26  37  3 0.11 32  28  4 0.41 16  50  1 
  SUPE  WAR 2861 WAR 1565 WAR 172  WAR 2259 2 STA 10   RUN 6   RUN 4   STA 14  
  2  50   3  459   3  207   2  164   3  342   0.29 17  51  2 0.17 26  37  3 0.11 32  28  4 0.41 16  50  1 
  SUPE  WAR 2861 WAR 1565 WAR 172  WAR 2259 2 STA 10   RUN 6   RUN 4   STA 14  
  2  50   3  459   3  207   2  164   3  342   0.29 17  51  2 0.17 27  42  3 0.11 32  28  4 0.41 16  50  1 
  SUPE  WAR 2861 WAR 1565 WAR 172  WAR 2259 2 STA 10   RUN 6   RUN 4   STA 14  
  2  50   3  459   3  207   2  164   3  342   0.29 17  51  2 0.17 27  42  3 0.11 32  28  4 0.41 16  50  1 
  SUPE  WAR 2861 WAR 1565 WAR 172  WAR 2259 2 STA 10   RUN 6   RUN 4   STA 14  
  2  50   3  459   3  207   2  164   3  342   0.29 17  51  2 0.17 27  42  3 0.11 33  31  4 0.41 16  50  1 
  SUPE  WAR 2861 WAR 1565 WAR 172  WAR 2259 2 STA 10   RUN 6   RUN 4   STA 14  
  2  50   3  459   3  207   2  164   3  342   0.29 17  51  2 0.17 27  42  3 0.11 33  31  4 0.41 16  50  1 
  SUPE  WAR 2861 WAR 1565 WAR 172  WAR 2259 2 STA 10   RUN 6   RUN 4   STA 14  
  2  50   3  459   3  207   2  164   3  342   0.29 17  51  2 0.17 28  48  3 0.11 33  31  4 0.41 16  50  1 
  SUPE  WAR 2861 WAR 1565 WAR 172  WAR 2259 2 STA 10   RUN 6   RUN 4   STA 14  
  2  50   3  459   3  207   2  164   3  342   0.29 17  51  2 0.17 28  48  3 0.11 33  31  4 0.41 16  50  1 
  SUPE  WAR 2861 WAR 1565 WAR 172  WAR 2259 2 STA 10   RUN 6   RUN 4   STA 14  
  2  50   3  459   3  207   2  164   3  342   0.29 17  51  2 0.17 28  48  3 0.11 34  34  4 0.41 16  50  1 
  SUPE  WAR 2861 WAR 1565 WAR 172  WAR 2259 2 STA 10   RUN 6   RUN 4   STA 14  
  2  50   3  459   3  207   2  164   3  342   0.29 17  51  2 0.17 28  48  3 0.11 34  34  4 0.41 16  50  1 
  SUPE  WAR 2861 WAR 1565 WAR 172  WAR 2259 2 STA 10   RUN 6   RUN 4   STA 14  
  2  50   3  459   3  207   2  164   3  342   0.29 17  51  2 0.17 29  54  3 0.11 34  34  4 0.41 16  50  1 
  SUPE  WAR 2861 WAR 1565 WAR 172  WAR 2259 2 STA 10   RUN 6   RUN 4   STA 14  
  2  50   3  459   3  207   2  164   3  342   0.29 17  51  2 0.17 29  54  3 0.11 34  34  4 0.41 16  50  1 
  SUPE  WAR 2861 WAR 1565 WAR 172  WAR 2259 2 STA 10   RUN 6   RUN 4   STA 14  
  2  50   3  459   3  207   2  164   3  342   0.29 17  51  2 0.17 29  54  3 0.11 35  36  4 0.41 16  50  1 
  SUPE  WAR 2861 WAR 1565 WAR 172  WAR 2259 2 STA 10   FIN 6   RUN 4   STA 14  
  2  50   3  459   3  207   2  164   3  342   0.29 17  51  2 0.17 29  54  3 0.11 35  36  4 0.41 16  50  1 
  SUPE  WAR 2861 WAR 1565 WAR 172  WAR 2259 2 STA 10   STA 6   RUN 4   STA 14  
  2  50   3  459   3  207   2  164   3  342   0.29 17  51  2 0.17 29  54  3 0.11 35  36  4 0.41 16  50  1 
  SUPE  WAR 2861 WAR 1565 WAR 172  WAR 2259 2 STA 10   STA 6   RUN 4   STA 14  
  2  50   3  459   3  207   2  164   3  342   0.29 17  51  2 0.17 29  54  3 0.11 36  37  4 0.41 16  50  1 
  SUPE  WAR 2861 WAR 1565 WAR 172  WAR 2259 2 STA 10   STA 6   RUN 4   STA 14  
  2  50   3  459   3  207   2  164   3  342   0.29 17  51  2 0.17 29  54  3 0.11 36  37  4 0.41 16  50  1 
  SUPE  WAR 2861 WAR 1565 WAR 172  WAR 2259 2 STA 10   STA 6   RUN 4   STA 14  
  2  50   3  459   3  207   2  164   3  342   0.29 17  51  2 0.17 29  54  3 0.11 36  37  4 0.41 16  50  1 
  SUPE  WAR 2861 WAR 1565 WAR 172  WAR 2259 2 STA 10   STA 6   RUN 4   STA 14  
  2  50   3  459   3  207   2  164   3  342   0.29 17  51  2 0.17 29  54  3 0.11 37  41  4 0.41 16  50  1 
  SUPE  WAR 2861 WAR 1565 WAR 172  WAR 2259 2 STA 10   STA 6   RUN 4   STA 14  
  2  50   3  459   3  207   2  164   3  342   0.29 17  51  2 0.17 29  54  3 0.11 37  41  4 0.41 16  50  1 
  SUPE  WAR 2861 WAR 1565 WAR 172  WAR 2259 2 STA 10   STA 6   RUN 4   STA 14  
  2  50   3  459   3  207   2  164   3  342   0.29 17  51  2 0.17 29  54  3 0.11 38  44  4 0.41 16  50  1 
  SUPE  WAR 2861 WAR 1565 WAR 172  WAR 2259 2 STA 10   STA 6   RUN 4   STA 14  
  2  50   3  459   3  207   2  164   3  342   0.29 17  51  2 0.17 29  54  3 0.11 38  44  4 0.41 16  50  1 
  SUPE  WAR 2861 WAR 1565 WAR 172  WAR 2259 2 STA 10   STA 6   RUN 4   STA 14  
  2  50   3  459   3  207   2  164   3  342   0.29 17  51  2 0.17 29  54  3 0.11 39  48  4 0.41 16  50  1 
  SUPE  WAR 2861 WAR 1565 WAR 172  WAR 2259 2 STA 10   STA 6   RUN 4   STA 14  
  2  50   3  459   3  207   2  164   3  342   0.29 17  51  2 0.17 29  54  3 0.11 39  48  4 0.41 16  50  1 
  SUPE  WAR 2861 WAR 1565 WAR 172  WAR 2259 2 STA 10   STA 6   RUN 4   STA 14  
  2  50   3  459   3  207   2  164   3  342   0.29 17  51  2 0.17 29  54  3 0.11 40  50  4 0.41 16  50  1 
  SUPE  WAR 2861 WAR 1565 WAR 172  WAR 2259 2 STA 10   STA 6   FIN 4   STA 14  
  2  50   3  459   3  207   2  164   3  342   0.29 17  51  2 0.17 29  54  3 0.11 40  50  4 0.41 16  50  1 
  SUPE  WAR 2861 WAR 1565 WAR 172  WAR 2259 2 STA 10   STA 6   STA 4   STA 14  
  2  50   3  459   3  207   2  164   3  342   0.29 17  51  2 0.17 29  54  3 0.11 40  50  4 0.41 16  50  1 
  SETT  WAR 2861 WAR 1565 WAR 172  WAR 2259 2 STA 10   STA 6   STA 4   STA 14  
  2  50   3  459   3  207   2  164   3  342   0.29 17  51  2 0.17 29  54  3 0.11 40  50  4 0.41 16  50  1 
  PLAY  WAR 2861 WAR 1565 WAR 172  WAR 2259 2 STA 10   STA 6   STA 4   STA 14  
  2  50   3  459   3  207   2  164   3  342   0.29 17  51  2 0.17 29  54  3 0.11 40  50  4 0.41 16  50  1 
